<?xml version="1.0" encoding="UTF-8"?>
<!-- Generated by org.testng.reporters.JUnitXMLReporter -->
<testsuite ignored="0" hostname="LAPTOP-HF7CHG09" failures="0" tests="4" name="Default test" time="131.459" errors="0" timestamp="2024-05-30T12:10:15 EDT">
  <testcase classname="automationScripts.AmazonFeatureTests" name="verifyTitleOfThePage" time="100.1"/>
  <testcase classname="automationScripts.AmazonFeatureTests" name="searchProduct" time="12.355"/>
  <testcase classname="automationScripts.AmazonFeatureTests" name="getNthProduct" time="0.461"/>
  <testcase classname="automationScripts.AmazonFeatureTests" name="computerCheck" time="9.744"/>
</testsuite> <!-- Default test -->
